<?xml version="1.0" encoding="UTF-8"?>
<!-- Generated by org.testng.reporters.JUnitReportReporter -->
<testsuite skipped="0" hostname="LAPTOP-HKG3O693" name="Inn.SerializationAndDeserialization.Example1" tests="1" failures="0" timestamp="2019-12-16T15:18:45 IST" time="2.753" errors="0">
  <testcase name="TC1" time="2.753" classname="Inn.SerializationAndDeserialization.Example1"/>
</testsuite> <!-- Inn.SerializationAndDeserialization.Example1 -->
