<?xml version="1.0" encoding="UTF-8"?>
<!-- Generated by org.testng.reporters.JUnitReportReporter -->
<testsuite skipped="0" hostname="LAPTOP-HKG3O693" name="Inn.SerializationAndDeserialization.TestClass" tests="1" failures="0" timestamp="2019-12-16T15:23:10 IST" time="2.950" errors="0">
  <testcase name="TC1" time="2.950" classname="Inn.SerializationAndDeserialization.TestClass"/>
</testsuite> <!-- Inn.SerializationAndDeserialization.TestClass -->
