<?xml version="1.0" encoding="UTF-8"?>
<!-- Generated by org.testng.reporters.JUnitReportReporter -->
<testsuite skipped="0" hostname="LAPTOP-HKG3O693" name="Inn.SerializationAndDeserialization.Sample" tests="1" failures="0" timestamp="2019-12-13T07:07:54 IST" time="2.938" errors="0">
  <testcase name="main" time="2.938" classname="Inn.SerializationAndDeserialization.Sample"/>
</testsuite> <!-- Inn.SerializationAndDeserialization.Sample -->
